\BOOKMARK [1][-]{section*.1}{\376\377\000T\000r\000a\000b\000a\000j\000o\000\040\000G\000r\000u\000p\000a\000l\000\040\0001\000\040\000F\000i\000n\000a\000n\000z\000a\000s\000\040\000I\000\040\040\023\000\040\000A\000m\000a\000z\000o\000n\000\040\000\050\000A\000M\000Z\000N\000\051}{}% 1
\BOOKMARK [2][-]{section*.2}{\376\377\0002\0000\0002\0003\000-\0000\0004\000-\0000\0002}{section*.1}% 2
\BOOKMARK [1][-]{section*.3}{\376\377\000I\000n\000t\000r\000o\000d\000u\000c\000c\000i\000\363\000n}{}% 3
\BOOKMARK [1][-]{section*.4}{\376\377\000M\000a\000r\000c\000o\000\040\000C\000o\000n\000c\000e\000p\000t\000u\000a\000l}{}% 4
\BOOKMARK [1][-]{section*.5}{\376\377\000C\000a\000p\000i\000t\000a\000l\000\040\000T\000r\000a\000b\000a\000j\000o\000\040\000N\000e\000t\000o}{}% 5
\BOOKMARK [1][-]{section*.6}{\376\377\000R\000a\000t\000i\000o\000s\000\040\000d\000e\000\040\000L\000i\000q\000u\000i\000d\000e\000z}{}% 6
\BOOKMARK [2][-]{section*.7}{\376\377\000L\000i\000q\000u\000i\000d\000e\000z}{section*.6}% 7
\BOOKMARK [2][-]{section*.8}{\376\377\000L\000i\000q\000u\000i\000d\000e\000z\000\040\000I\000n\000m\000e\000d\000i\000a\000t\000a}{section*.6}% 8
\BOOKMARK [2][-]{section*.9}{\376\377\000P\000r\000u\000e\000b\000a\000\040\000\301\000c\000i\000d\000a}{section*.6}% 9
\BOOKMARK [1][-]{section*.10}{\376\377\000S\000o\000l\000v\000e\000n\000c\000i\000a}{}% 10
\BOOKMARK [1][-]{section*.11}{\376\377\000E\000n\000d\000e\000u\000d\000a\000m\000i\000e\000n\000t\000o}{}% 11
\BOOKMARK [1][-]{section*.12}{\376\377\000R\000a\000t\000i\000o\000s\000\040\000E\000c\000o\000n\000\363\000m\000i\000c\000o\000s}{}% 12
\BOOKMARK [2][-]{section*.13}{\376\377\000M\000a\000r\000g\000e\000n\000\040\000B\000r\000u\000t\000o}{section*.12}% 13
\BOOKMARK [2][-]{section*.14}{\376\377\000M\000a\000r\000g\000e\000n\000\040\000O\000p\000e\000r\000a\000c\000i\000o\000n\000a\000l}{section*.12}% 14
\BOOKMARK [2][-]{section*.15}{\376\377\000M\000a\000r\000g\000e\000n\000\040\000N\000e\000t\000o}{section*.12}% 15
\BOOKMARK [2][-]{section*.16}{\376\377\000R\000O\000E\000\040\000\050\000R\000e\000n\000d\000i\000m\000i\000e\000n\000t\000o\000\040\000S\000o\000b\000r\000e\000\040\000e\000l\000\040\000P\000a\000t\000r\000i\000m\000o\000n\000i\000o\000\051}{section*.12}% 16
\BOOKMARK [1][-]{section*.17}{\376\377\000R\000a\000t\000i\000o\000s\000\040\000d\000e\000\040\000R\000e\000n\000t\000a\000b\000i\000l\000i\000d\000a\000d}{}% 17
\BOOKMARK [2][-]{section*.18}{\376\377\000R\000O\000A\000\040\000\050\000R\000a\000t\000i\000o\000\040\000d\000e\000\040\000C\000a\000p\000i\000t\000a\000l\000\040\000P\000r\000o\000p\000i\000o\000\051}{section*.17}% 18
\BOOKMARK [2][-]{section*.19}{\376\377\000R\000O\000I\000\040\000\050\000R\000a\000t\000i\000o\000\040\000d\000e\000\040\000R\000e\000n\000t\000a\000b\000i\000l\000i\000d\000a\000d\000\040\000d\000e\000\040\000V\000e\000n\000t\000a\000s\000\051}{section*.17}% 19
\BOOKMARK [1][-]{section*.20}{\376\377\000B\000i\000b\000l\000i\000o\000g\000r\000a\000f\000\355\000a}{}% 20
